  3次密码退出.c
  a.c
  ascii码表.c
  btest.c
  continue.c
  for循环.c
  getchar.c
  goto语句.c
  luosi2.c
  luosi3.c
  switch test.c
  test1.c
  test10.c
  两个数最大公因数.c
  作业2.2.c
  作业2.1.c
  作业2.3.c
  作业2.4.c
  作业2.5.c
  作业2.6.c
  正在生成代码...
  正在编译...
  作业2.7.c
  作业2.8.c
  函数.c
  加减算术题.c
  动态数组.c
  test2.c
  test3.c
  test4.c
  test5.c
  test6.c
  test7.c
  test8.c
  test9.c
  作业1.c
  取余运算.c
  当前时间.c
  打印3倍数.c
  打印乘法表.c
  打印素数.c
  打印闰年.c
  正在生成代码...
  正在编译...
  指针.c
  操作符.c
  改错练习1.c
  数9.c
  数组.c
  数组（正式）.c
  森辉.c
  求最大值.c
  测试1.c
  luosi.c
  猜数字游戏.c
  递归.c
  正在生成代码...
  add.h
  DUT1.vcxproj -> C:\Users\lenovo\source\repos\DUT1\x64\Debug\test.exe
